<?xml version="1.0" encoding="UTF-8"?>
<testng-results skipped="0" failed="1" ignored="0" total="2" passed="1">
  <reporter-output>
    <line>
      <![CDATA[Clicking on Bank Manager Login Link.By.xpath: //button[contains(text(),'Bank Manager Login')]<br>]]>
    </line>
    <line>
      <![CDATA[Clicking on Add Customer Button.By.xpath: //body/div[3]/div[1]/div[2]/div[1]/div[1]/button[1]<br>]]>
    </line>
    <line>
      <![CDATA[Enter First NameBy.xpath: //body/div[3]/div[1]/div[2]/div[1]/div[2]/div[1]/div[1]/form[1]/div[1]/input[1]<br>]]>
    </line>
    <line>
      <![CDATA[Enter First NameBy.xpath: //body/div[3]/div[1]/div[2]/div[1]/div[2]/div[1]/div[1]/form[1]/div[2]/input[1]<br>]]>
    </line>
    <line>
      <![CDATA[Enter Postcode By.xpath: //body/div[3]/div[1]/div[2]/div[1]/div[2]/div[1]/div[1]/form[1]/div[3]/input[1]<br>]]>
    </line>
    <line>
      <![CDATA[Clicking on add customer buttonBy.xpath: //body/div[3]/div[1]/div[2]/div[1]/div[2]/div[1]/div[1]/form[1]/button[1]<br>]]>
    </line>
    <line>
      <![CDATA[Click to see screenshot]]>
    </line>
    <line>
      <![CDATA[<a target = "_blank" href=C:\Users\Admin\Idea Projects\xyz_bank/test-output/html/bankMangerShouldAddCustomerSuccessfullyWed_Dec_02_17_26_13_GMT_2020.jpg>Screenshot</a>]]>
    </line>
    <line>
      <![CDATA[<br>]]>
    </line>
    <line>
      <![CDATA[<br>]]>
    </line>
    <line>
      <![CDATA[<a target = "_blank" href=C:\Users\Admin\Idea Projects\xyz_bank/test-output/html/bankMangerShouldAddCustomerSuccessfullyWed_Dec_02_17_26_13_GMT_2020.jpg><img src=C:\Users\Admin\Idea Projects\xyz_bank/test-output/html/bankMangerShouldAddCustomerSuccessfullyWed_Dec_02_17_26_13_GMT_2020.jpg height=200 width=200></img></a>]]>
    </line>
    <line>
      <![CDATA[Clicking on Bank Manager Login Link.By.xpath: //button[contains(text(),'Bank Manager Login')]<br>]]>
    </line>
    <line>
      <![CDATA[Clicking on Open Account Tab By.xpath:  //body/div[3]/div[1]/div[2]/div[1]/div[1]/button[2]<br>]]>
    </line>
    <line>
      <![CDATA[select name of customerBy.xpath: //select[@id='userSelect']<br]]>
    </line>
    <line>
      <![CDATA[Click to see screenshot]]>
    </line>
    <line>
      <![CDATA[<a target = "_blank" href=C:\Users\Admin\Idea Projects\xyz_bank/test-output/html/bankMangerShouldOpenAccountSuccessfullyWed_Dec_02_17_26_28_GMT_2020.jpg>Screenshot</a>]]>
    </line>
    <line>
      <![CDATA[<br>]]>
    </line>
    <line>
      <![CDATA[<br>]]>
    </line>
    <line>
      <![CDATA[<a target = "_blank" href=C:\Users\Admin\Idea Projects\xyz_bank/test-output/html/bankMangerShouldOpenAccountSuccessfullyWed_Dec_02_17_26_28_GMT_2020.jpg><img src=C:\Users\Admin\Idea Projects\xyz_bank/test-output/html/bankMangerShouldOpenAccountSuccessfullyWed_Dec_02_17_26_28_GMT_2020.jpg height=200 width=200></img></a>]]>
    </line>
  </reporter-output>
  <suite name="testsuite" duration-ms="46472" started-at="2020-12-02T17:25:43Z" finished-at="2020-12-02T17:26:29Z">
    <groups>
    </groups>
    <test name="BankManager Login Test" duration-ms="46472" started-at="2020-12-02T17:25:43Z" finished-at="2020-12-02T17:26:29Z">
      <class name="com.bank.testsuite.BankTest">
        <test-method status="FAIL" signature="bankMangerShouldAddCustomerSuccessfully()[pri:0, instance:com.bank.testsuite.BankTest@2b98378d]" name="bankMangerShouldAddCustomerSuccessfully" duration-ms="30319" started-at="2020-12-02T17:25:43Z" finished-at="2020-12-02T17:26:13Z">
          <exception class="org.openqa.selenium.UnhandledAlertException">
            <message>
              <![CDATA[unexpected alert open: {Alert text : Customer added successfully with customer id :6}
  (Session info: chrome=87.0.4280.66): Customer added successfully with customer id :6
Build info: version: '3.141.59', revision: 'e82be7d358', time: '2018-11-14T08:17:03'
System info: host: 'DESKTOP-JDKLD3R', ip: '192.168.0.13', os.name: 'Windows 10', os.arch: 'amd64', os.version: '10.0', java.version: '1.8.0_121'
Driver info: org.openqa.selenium.chrome.ChromeDriver
Capabilities {acceptInsecureCerts: false, browserName: chrome, browserVersion: 87.0.4280.66, chrome: {chromedriverVersion: 86.0.4240.22 (398b0743353ff..., userDataDir: C:\Users\Admin\AppData\Loca...}, goog:chromeOptions: {debuggerAddress: localhost:61968}, javascriptEnabled: true, networkConnectionEnabled: false, pageLoadStrategy: normal, platform: WINDOWS, platformName: WINDOWS, proxy: Proxy(), setWindowRect: true, strictFileInteractability: false, timeouts: {implicit: 0, pageLoad: 300000, script: 30000}, unhandledPromptBehavior: dismiss and notify, webauthn:virtualAuthenticators: true}
Session ID: 5a9727776e15d2a9a804c42c5e9bb4c1]]>
            </message>
            <full-stacktrace>
              <![CDATA[org.openqa.selenium.UnhandledAlertException: unexpected alert open: {Alert text : Customer added successfully with customer id :6}
  (Session info: chrome=87.0.4280.66): Customer added successfully with customer id :6
Build info: version: '3.141.59', revision: 'e82be7d358', time: '2018-11-14T08:17:03'
System info: host: 'DESKTOP-JDKLD3R', ip: '192.168.0.13', os.name: 'Windows 10', os.arch: 'amd64', os.version: '10.0', java.version: '1.8.0_121'
Driver info: org.openqa.selenium.chrome.ChromeDriver
Capabilities {acceptInsecureCerts: false, browserName: chrome, browserVersion: 87.0.4280.66, chrome: {chromedriverVersion: 86.0.4240.22 (398b0743353ff..., userDataDir: C:\Users\Admin\AppData\Loca...}, goog:chromeOptions: {debuggerAddress: localhost:61968}, javascriptEnabled: true, networkConnectionEnabled: false, pageLoadStrategy: normal, platform: WINDOWS, platformName: WINDOWS, proxy: Proxy(), setWindowRect: true, strictFileInteractability: false, timeouts: {implicit: 0, pageLoad: 300000, script: 30000}, unhandledPromptBehavior: dismiss and notify, webauthn:virtualAuthenticators: true}
Session ID: 5a9727776e15d2a9a804c42c5e9bb4c1
at org.openqa.selenium.remote.http.W3CHttpResponseCodec.decode(W3CHttpResponseCodec.java:120)
at org.openqa.selenium.remote.http.W3CHttpResponseCodec.decode(W3CHttpResponseCodec.java:49)
at org.openqa.selenium.remote.HttpCommandExecutor.execute(HttpCommandExecutor.java:158)
at org.openqa.selenium.remote.service.DriverCommandExecutor.execute(DriverCommandExecutor.java:83)
at org.openqa.selenium.remote.RemoteWebDriver.execute(RemoteWebDriver.java:552)
at org.openqa.selenium.remote.RemoteWebDriver.execute(RemoteWebDriver.java:609)
at org.openqa.selenium.remote.RemoteWebDriver.getScreenshotAs(RemoteWebDriver.java:295)
at com.bank.utility.Utility.takeScreenShot(Utility.java:279)
at com.bank.customlisteners.CustomListeners.onTestSuccess(CustomListeners.java:22)
at org.testng.internal.TestListenerHelper.runTestListeners(TestListenerHelper.java:70)
at org.testng.internal.Invoker.runTestListeners(Invoker.java:1389)
at org.testng.internal.Invoker.invokeMethod(Invoker.java:636)
at org.testng.internal.Invoker.invokeTestMethod(Invoker.java:719)
at org.testng.internal.Invoker.invokeTestMethods(Invoker.java:989)
at org.testng.internal.TestMethodWorker.invokeTestMethods(TestMethodWorker.java:125)
at org.testng.internal.TestMethodWorker.run(TestMethodWorker.java:109)
at org.testng.TestRunner.privateRun(TestRunner.java:648)
at org.testng.TestRunner.run(TestRunner.java:505)
at org.testng.SuiteRunner.runTest(SuiteRunner.java:455)
at org.testng.SuiteRunner.runSequentially(SuiteRunner.java:450)
at org.testng.SuiteRunner.privateRun(SuiteRunner.java:415)
at org.testng.SuiteRunner.run(SuiteRunner.java:364)
at org.testng.SuiteRunnerWorker.runSuite(SuiteRunnerWorker.java:52)
at org.testng.SuiteRunnerWorker.run(SuiteRunnerWorker.java:84)
at org.testng.TestNG.runSuitesSequentially(TestNG.java:1208)
at org.testng.TestNG.runSuitesLocally(TestNG.java:1137)
at org.testng.TestNG.runSuites(TestNG.java:1049)
at org.testng.TestNG.run(TestNG.java:1017)
at com.intellij.rt.testng.IDEARemoteTestNG.run(IDEARemoteTestNG.java:66)
at com.intellij.rt.testng.RemoteTestNGStarter.main(RemoteTestNGStarter.java:109)
]]>
            </full-stacktrace>
          </exception> <!-- org.openqa.selenium.UnhandledAlertException -->
          <reporter-output>
          </reporter-output>
        </test-method> <!-- bankMangerShouldAddCustomerSuccessfully -->
        <test-method status="PASS" signature="setUp()[pri:0, instance:com.bank.testsuite.BankTest@2b98378d]" name="setUp" is-config="true" duration-ms="15611" started-at="2020-12-02T17:25:43Z" finished-at="2020-12-02T17:25:58Z">
          <reporter-output>
          </reporter-output>
        </test-method> <!-- setUp -->
        <test-method status="PASS" signature="setUp()[pri:0, instance:com.bank.testsuite.BankTest@2b98378d]" name="setUp" is-config="true" duration-ms="9987" started-at="2020-12-02T17:26:14Z" finished-at="2020-12-02T17:26:24Z">
          <reporter-output>
          </reporter-output>
        </test-method> <!-- setUp -->
        <test-method status="PASS" signature="bankMangerShouldOpenAccountSuccessfully()[pri:0, instance:com.bank.testsuite.BankTest@2b98378d]" name="bankMangerShouldOpenAccountSuccessfully" duration-ms="3766" started-at="2020-12-02T17:26:24Z" finished-at="2020-12-02T17:26:28Z">
          <reporter-output>
            <line>
              <![CDATA[Clicking on Bank Manager Login Link.By.xpath: //button[contains(text(),'Bank Manager Login')]<br>]]>
            </line>
            <line>
              <![CDATA[Clicking on Open Account Tab By.xpath:  //body/div[3]/div[1]/div[2]/div[1]/div[1]/button[2]<br>]]>
            </line>
            <line>
              <![CDATA[select name of customerBy.xpath: //select[@id='userSelect']<br]]>
            </line>
            <line>
              <![CDATA[Click to see screenshot]]>
            </line>
            <line>
              <![CDATA[<a target = "_blank" href=C:\Users\Admin\Idea Projects\xyz_bank/test-output/html/bankMangerShouldOpenAccountSuccessfullyWed_Dec_02_17_26_28_GMT_2020.jpg>Screenshot</a>]]>
            </line>
            <line>
              <![CDATA[<br>]]>
            </line>
            <line>
              <![CDATA[<br>]]>
            </line>
            <line>
              <![CDATA[<a target = "_blank" href=C:\Users\Admin\Idea Projects\xyz_bank/test-output/html/bankMangerShouldOpenAccountSuccessfullyWed_Dec_02_17_26_28_GMT_2020.jpg><img src=C:\Users\Admin\Idea Projects\xyz_bank/test-output/html/bankMangerShouldOpenAccountSuccessfullyWed_Dec_02_17_26_28_GMT_2020.jpg height=200 width=200></img></a>]]>
            </line>
          </reporter-output>
        </test-method> <!-- bankMangerShouldOpenAccountSuccessfully -->
        <test-method status="PASS" signature="tearDown()[pri:0, instance:com.bank.testsuite.BankTest@2b98378d]" name="tearDown" is-config="true" duration-ms="922" started-at="2020-12-02T17:26:28Z" finished-at="2020-12-02T17:26:29Z">
          <reporter-output>
          </reporter-output>
        </test-method> <!-- tearDown -->
      </class> <!-- com.bank.testsuite.BankTest -->
    </test> <!-- BankManager Login Test -->
  </suite> <!-- testsuite -->
</testng-results>
